#
# A fatal error has been detected by the Java Runtime Environment:
#
#  EXCEPTION_ACCESS_VIOLATION (0xc0000005) at pc=0x00007ffc581f1730, pid=20816, tid=0x0000000000002b0c
#
# JRE version: Java(TM) SE Runtime Environment (8.0_381) (build 1.8.0_381-b09)
# Java VM: Java HotSpot(TM) 64-Bit Server VM (25.381-b09 mixed mode windows-amd64 compressed oops)
# Problematic frame:
# V  [jvm.dll+0x2f1730]
#
# Failed to write core dump. Minidumps are not enabled by default on client versions of Windows
#
# If you would like to submit a bug report, please visit:
#   http://bugreport.java.com/bugreport/crash.jsp
#

---------------  T H R E A D  ---------------

Current thread (0x000002247cee1000):  JavaThread "FileSystemWatcher: files=#62 cl=sun.misc.Launcher$AppClassLoader@18b4aac2" daemon [_thread_in_vm, id=11020, stack(0x0000006363e00000,0x0000006363f00000)]

siginfo: ExceptionCode=0xc0000005, reading address 0x000000000000000a

Registers:
RAX=0x00000224000457a0, RBX=0x0000006363efd380, RCX=0x0000006363efd380, RDX=0x00000224000057a0
RSP=0x0000006363efd230, RBP=0x0000006363efd370, RSI=0x0000006363efd3b0, RDI=0x0000006363efd2f8
R8 =0x0000000000000002, R9 =0x000002247c8ec690, R10=0x0000000000000010, R11=0x00007ffcbce81b6d
R12=0x0000000000000000, R13=0x000002247ced11c0, R14=0x0000022413b0ed30, R15=0x0000000000000000
RIP=0x00007ffc581f1730, EFLAGS=0x0000000000010246

Top of Stack: (sp=0x0000006363efd230)
0x0000006363efd230:   0000022413b0ed30 00007ffc57f214ac
0x0000006363efd240:   000002247cee1000 000002247cc7bd00
0x0000006363efd250:   0000000000000000 000002247c8ec690
0x0000006363efd260:   000002247c8ec6f0 00007ffc57f759eb
0x0000006363efd270:   0000006363efd370 0000022413b0ed30
0x0000006363efd280:   0000006363efd370 00007ffc58091b07
0x0000006363efd290:   00000001f5f50101 000002247c8ec601
0x0000006363efd2a0:   0000006363efd9e0 0000022400000400
0x0000006363efd2b0:   000002247cc7bd00 0000022400561468
0x0000006363efd2c0:   000000000000000b 0000022400561110
0x0000006363efd2d0:   0000000000000000 0000022400561110
0x0000006363efd2e0:   00000000000003d8 000002247cc7bdc0
0x0000006363efd2f0:   000002247cc7c0e8 000002247ced1a50
0x0000006363efd300:   000002247c8ec690 0000000000000000
0x0000006363efd310:   00007ffc00000000 0000000000000002
0x0000006363efd320:   000002247ced1a50 000002247cee1000 

Instructions: (pc=0x00007ffc581f1730)
0x00007ffc581f1710:   89 2b 48 89 6b 28 4c 89 7b 08 e8 c1 7f da ff 4c
0x00007ffc581f1720:   8b 7c 24 50 e9 43 ff ff ff 4c 8b 47 20 48 8b cb
0x00007ffc581f1730:   4d 8b 48 08 49 8d 50 10 4d 8b 00 e8 80 f3 d2 ff
0x00007ffc581f1740:   48 8b 6c 24 40 48 8b c3 4c 8b 74 24 48 48 83 c4 


Register to memory mapping:

RAX=0x00000224000457a0 is an unknown value
RBX=0x0000006363efd380 is pointing into the stack for thread: 0x000002247cee1000
RCX=0x0000006363efd380 is pointing into the stack for thread: 0x000002247cee1000
RDX=0x00000224000057a0 is pointing into interpreter code (not bytecode specific)
RSP=0x0000006363efd230 is pointing into the stack for thread: 0x000002247cee1000
RBP=0x0000006363efd370 is pointing into the stack for thread: 0x000002247cee1000
RSI=0x0000006363efd3b0 is pointing into the stack for thread: 0x000002247cee1000
RDI=0x0000006363efd2f8 is pointing into the stack for thread: 0x000002247cee1000
R8 =0x0000000000000002 is an unknown value
R9 =0x000002247c8ec690 is an unknown value
R10=0x0000000000000010 is an unknown value
R11=0x00007ffcbce81b6d is an unknown value
R12=0x0000000000000000 is an unknown value
R13=0x000002247ced11c0 is an unknown value
R14={method} {0x0000022413b0ed38} '___clinit___' '()V' in 'com/mbds/parcours/POIService$$ETuOmf93'
R15=0x0000000000000000 is an unknown value


Stack: [0x0000006363e00000,0x0000006363f00000],  sp=0x0000006363efd230,  free space=1012k
Native frames: (J=compiled Java code, j=interpreted, Vv=VM code, C=native code)
V  [jvm.dll+0x2f1730]
V  [jvm.dll+0x759eb]
V  [jvm.dll+0x755a9]
V  [jvm.dll+0x196fb7]
C  [java.dll+0x8162]
C  0x0000022400337514

Java frames: (J=compiled Java code, j=interpreted, Vv=VM code)
J 565  java.lang.Throwable.fillInStackTrace(I)Ljava/lang/Throwable; (0 bytes) @ 0x000002240033747b [0x0000022400337440+0x3b]
J 424 C1 java.lang.Throwable.fillInStackTrace()Ljava/lang/Throwable; (29 bytes) @ 0x00000224002f7024 [0x00000224002f6f00+0x124]
J 1899 C1 java.lang.Throwable.<init>(Ljava/lang/String;)V (34 bytes) @ 0x0000022400561324 [0x0000022400561280+0xa4]
j  java.lang.Error.<init>(Ljava/lang/String;)V+2
j  java.lang.LinkageError.<init>(Ljava/lang/String;)V+2
j  java.lang.IncompatibleClassChangeError.<init>(Ljava/lang/String;)V+2
j  java.lang.NoSuchMethodError.<init>(Ljava/lang/String;)V+2
v  ~StubRoutines::call_stub
j  com.mbds.parcours.POIService$$ETuOmf93.___clinit___()V+133
C  0x00000000f5ef8a90
V  [jvm.dll+0x21c891]
V  [jvm.dll+0xfe1eb]
C  0x000002247c8ec690

[error occurred during error reporting (printing Java stack), id 0xc0000005]


---------------  P R O C E S S  ---------------

Java Threads: ( => current thread )
  0x000002240fd37800 JavaThread "DestroyJavaVM" [_thread_blocked, id=16392, stack(0x0000006362b00000,0x0000006362c00000)]
  0x000002240fd39800 JavaThread "Thread-6" daemon [_thread_blocked, id=17656, stack(0x0000006365500000,0x0000006365600000)]
  0x000002240fd39000 JavaThread "Thread-8" [_thread_blocked, id=18428, stack(0x0000006365400000,0x0000006365500000)]
  0x000002240fd38000 JavaThread "Thread-7" daemon [_thread_in_native, id=20352, stack(0x0000006365300000,0x0000006365400000)]
  0x000002240fd33800 JavaThread "http-nio-8080-AsyncTimeout" daemon [_thread_blocked, id=19108, stack(0x0000006365200000,0x0000006365300000)]
  0x000002240fd36800 JavaThread "http-nio-8080-Acceptor-0" daemon [_thread_in_native, id=13320, stack(0x0000006365100000,0x0000006365200000)]
  0x000002240fd33000 JavaThread "http-nio-8080-ClientPoller-1" daemon [_thread_in_native, id=18532, stack(0x0000006365000000,0x0000006365100000)]
  0x000002247dca2000 JavaThread "http-nio-8080-ClientPoller-0" daemon [_thread_in_native, id=17372, stack(0x0000006364f00000,0x0000006365000000)]
  0x000002247dca5000 JavaThread "http-nio-8080-exec-10" daemon [_thread_blocked, id=20828, stack(0x0000006364e00000,0x0000006364f00000)]
  0x000002247dca6000 JavaThread "http-nio-8080-exec-9" daemon [_thread_blocked, id=20228, stack(0x0000006364d00000,0x0000006364e00000)]
  0x000002247dca3000 JavaThread "http-nio-8080-exec-8" daemon [_thread_blocked, id=9952, stack(0x0000006364c00000,0x0000006364d00000)]
  0x000002247dca9000 JavaThread "http-nio-8080-exec-7" daemon [_thread_blocked, id=20112, stack(0x0000006364b00000,0x0000006364c00000)]
  0x000002247dca4800 JavaThread "http-nio-8080-exec-6" daemon [_thread_blocked, id=4388, stack(0x0000006364a00000,0x0000006364b00000)]
  0x000002247dca7800 JavaThread "http-nio-8080-exec-5" daemon [_thread_blocked, id=18832, stack(0x0000006364900000,0x0000006364a00000)]
  0x000002247dca6800 JavaThread "http-nio-8080-exec-4" daemon [_thread_blocked, id=16472, stack(0x0000006364800000,0x0000006364900000)]
  0x000002240fd1e000 JavaThread "http-nio-8080-exec-3" daemon [_thread_blocked, id=15616, stack(0x0000006364700000,0x0000006364800000)]
  0x000002240fd1c800 JavaThread "http-nio-8080-exec-2" daemon [_thread_blocked, id=19796, stack(0x0000006364600000,0x0000006364700000)]
  0x000002240fd1c000 JavaThread "http-nio-8080-exec-1" daemon [_thread_blocked, id=20000, stack(0x0000006364500000,0x0000006364600000)]
  0x000002240fccb000 JavaThread "NioBlockingSelector.BlockPoller-1" daemon [_thread_in_native, id=18704, stack(0x0000006364400000,0x0000006364500000)]
  0x000002240f6b1800 JavaThread "container-0" [_thread_blocked, id=18416, stack(0x0000006364300000,0x0000006364400000)]
  0x000002240f691800 JavaThread "ContainerBackgroundProcessor[StandardEngine[Tomcat]]" daemon [_thread_blocked, id=20964, stack(0x0000006364200000,0x0000006364300000)]
  0x000002247cdf5800 JavaThread "Tomcat JDBC Pool Cleaner[414493378:1698872306461]" daemon [_thread_blocked, id=15688, stack(0x0000006363f00000,0x0000006364000000)]
=>0x000002247cee1000 JavaThread "FileSystemWatcher: files=#62 cl=sun.misc.Launcher$AppClassLoader@18b4aac2" daemon [_thread_in_vm, id=11020, stack(0x0000006363e00000,0x0000006363f00000)]
  0x000002247cc90000 JavaThread "Service Thread" daemon [_thread_blocked, id=21312, stack(0x0000006363c00000,0x0000006363d00000)]
  0x000002247cbae000 JavaThread "C1 CompilerThread2" daemon [_thread_blocked, id=15108, stack(0x0000006363b00000,0x0000006363c00000)]
  0x000002247cc8e000 JavaThread "C2 CompilerThread1" daemon [_thread_blocked, id=11400, stack(0x0000006363a00000,0x0000006363b00000)]
  0x000002247cb9b000 JavaThread "C2 CompilerThread0" daemon [_thread_blocked, id=18380, stack(0x0000006363900000,0x0000006363a00000)]
  0x000002247a97d800 JavaThread "Attach Listener" daemon [_thread_blocked, id=19916, stack(0x0000006363800000,0x0000006363900000)]
  0x000002247a97c800 JavaThread "Signal Dispatcher" daemon [_thread_blocked, id=20504, stack(0x0000006363700000,0x0000006363800000)]
  0x0000022476339800 JavaThread "Finalizer" daemon [_thread_blocked, id=8108, stack(0x0000006363600000,0x0000006363700000)]
  0x000002247a959800 JavaThread "Reference Handler" daemon [_thread_blocked, id=2336, stack(0x0000006363500000,0x0000006363600000)]

Other Threads:
  0x000002247a932800 VMThread [stack: 0x0000006363400000,0x0000006363500000] [id=9968]
  0x000002247cc91000 WatcherThread [stack: 0x0000006363d00000,0x0000006363e00000] [id=3604]

VM state:not at safepoint (normal execution)

VM Mutex/Monitor currently owned by a thread: None

heap address: 0x00000000d0000000, size: 768 MB, Compressed Oops mode: 32-bit
Narrow klass base: 0x0000000000000000, Narrow klass shift: 3
Compressed class space size: 1073741824 Address: 0x0000000100000000

Heap:
 PSYoungGen      total 238592K, used 107219K [0x00000000f0000000, 0x0000000100000000, 0x0000000100000000)
  eden space 216064K, 45% used [0x00000000f0000000,0x00000000f5ffbb78,0x00000000fd300000)
  from space 22528K, 39% used [0x00000000fd300000,0x00000000fdbb90b8,0x00000000fe900000)
  to   space 21504K, 0% used [0x00000000feb00000,0x00000000feb00000,0x0000000100000000)
 ParOldGen       total 524288K, used 129825K [0x00000000d0000000, 0x00000000f0000000, 0x00000000f0000000)
  object space 524288K, 24% used [0x00000000d0000000,0x00000000d7ec85f8,0x00000000f0000000)
 Metaspace       used 85126K, capacity 90726K, committed 90792K, reserved 1126400K
  class space    used 11244K, capacity 12917K, committed 12976K, reserved 1048576K

Card table byte_map: [0x00000224780b0000,0x0000022478240000] byte_map_base: 0x0000022477a30000

Marking Bits: (ParMarkBitMap*) 0x00007ffc58736040
 Begin Bits: [0x0000022478340000, 0x0000022478f40000)
 End Bits:   [0x0000022478f40000, 0x0000022479b40000)

Polling page: 0x0000022477cc0000

CodeCache: size=245760Kb used=29526Kb max_used=29526Kb free=216233Kb
 bounds [0x0000022400000000, 0x0000022401ce0000, 0x000002240f000000]
 total_blobs=13702 nmethods=12896 adapters=717
 compilation: enabled

Compilation events (10 events):
Event: 4207.285 Thread 0x000002247cbae000 13217       1       org.codehaus.groovy.transform.sc.transformers.StaticCompilationTransformer::superTransform (6 bytes)
Event: 4207.286 Thread 0x000002247cbae000 nmethod 13217 0x0000022401cdc190 code [0x0000022401cdc300, 0x0000022401cdc470]
Event: 4207.286 Thread 0x000002247cbae000 13219       1       org.codehaus.groovy.ast.expr.MethodCallExpression::<init> (74 bytes)
Event: 4207.286 Thread 0x000002247cbae000 nmethod 13219 0x0000022401cdc510 code [0x0000022401cdc6a0, 0x0000022401cdcb20]
Event: 4207.286 Thread 0x000002247cbae000 13218       1       org.codehaus.groovy.ast.expr.MethodCallExpression::setMethodTarget (31 bytes)
Event: 4207.286 Thread 0x000002247cbae000 nmethod 13218 0x0000022401cdcd50 code [0x0000022401cdcea0, 0x0000022401cdd038]
Event: 4207.291 Thread 0x000002247cbae000 13220       1       org.codehaus.groovy.classgen.asm.WriterController::switchToFastPath (10 bytes)
Event: 4207.292 Thread 0x000002247cbae000 nmethod 13220 0x0000022401cdd0d0 code [0x0000022401cdd220, 0x0000022401cdd370]
Event: 4207.292 Thread 0x000002247cbae000 13221       1       org.codehaus.groovy.classgen.asm.WriterController::switchToSlowPath (10 bytes)
Event: 4207.292 Thread 0x000002247cbae000 nmethod 13221 0x0000022401cdd410 code [0x0000022401cdd560, 0x0000022401cdd6b0]

GC Heap History (10 events):
Event: 3846.814 GC heap before
{Heap before GC invocations=70 (full 3):
 PSYoungGen      total 236032K, used 217402K [0x00000000f0000000, 0x0000000100000000, 0x0000000100000000)
  eden space 208896K, 100% used [0x00000000f0000000,0x00000000fcc00000,0x00000000fcc00000)
  from space 27136K, 31% used [0x00000000fe580000,0x00000000fedce980,0x0000000100000000)
  to   space 26112K, 0% used [0x00000000fcc00000,0x00000000fcc00000,0x00000000fe580000)
 ParOldGen       total 524288K, used 129473K [0x00000000d0000000, 0x00000000f0000000, 0x00000000f0000000)
  object space 524288K, 24% used [0x00000000d0000000,0x00000000d7e705f8,0x00000000f0000000)
 Metaspace       used 83436K, capacity 89018K, committed 89128K, reserved 1126400K
  class space    used 11099K, capacity 12770K, committed 12848K, reserved 1048576K
Event: 3846.821 GC heap after
Heap after GC invocations=70 (full 3):
 PSYoungGen      total 235008K, used 8691K [0x00000000f0000000, 0x0000000100000000, 0x0000000100000000)
  eden space 208896K, 0% used [0x00000000f0000000,0x00000000f0000000,0x00000000fcc00000)
  from space 26112K, 33% used [0x00000000fcc00000,0x00000000fd47cce0,0x00000000fe580000)
  to   space 25088K, 0% used [0x00000000fe780000,0x00000000fe780000,0x0000000100000000)
 ParOldGen       total 524288K, used 129561K [0x00000000d0000000, 0x00000000f0000000, 0x00000000f0000000)
  object space 524288K, 24% used [0x00000000d0000000,0x00000000d7e865f8,0x00000000f0000000)
 Metaspace       used 83436K, capacity 89018K, committed 89128K, reserved 1126400K
  class space    used 11099K, capacity 12770K, committed 12848K, reserved 1048576K
}
Event: 3871.389 GC heap before
{Heap before GC invocations=71 (full 3):
 PSYoungGen      total 235008K, used 217587K [0x00000000f0000000, 0x0000000100000000, 0x0000000100000000)
  eden space 208896K, 100% used [0x00000000f0000000,0x00000000fcc00000,0x00000000fcc00000)
  from space 26112K, 33% used [0x00000000fcc00000,0x00000000fd47cce0,0x00000000fe580000)
  to   space 25088K, 0% used [0x00000000fe780000,0x00000000fe780000,0x0000000100000000)
 ParOldGen       total 524288K, used 129561K [0x00000000d0000000, 0x00000000f0000000, 0x00000000f0000000)
  object space 524288K, 24% used [0x00000000d0000000,0x00000000d7e865f8,0x00000000f0000000)
 Metaspace       used 83667K, capacity 89210K, committed 89384K, reserved 1126400K
  class space    used 11109K, capacity 12770K, committed 12848K, reserved 1048576K
Event: 3871.403 GC heap after
Heap after GC invocations=71 (full 3):
 PSYoungGen      total 238080K, used 8851K [0x00000000f0000000, 0x0000000100000000, 0x0000000100000000)
  eden space 212992K, 0% used [0x00000000f0000000,0x00000000f0000000,0x00000000fd000000)
  from space 25088K, 35% used [0x00000000fe780000,0x00000000ff024cb0,0x0000000100000000)
  to   space 24064K, 0% used [0x00000000fd000000,0x00000000fd000000,0x00000000fe780000)
 ParOldGen       total 524288K, used 129609K [0x00000000d0000000, 0x00000000f0000000, 0x00000000f0000000)
  object space 524288K, 24% used [0x00000000d0000000,0x00000000d7e925f8,0x00000000f0000000)
 Metaspace       used 83667K, capacity 89210K, committed 89384K, reserved 1126400K
  class space    used 11109K, capacity 12770K, committed 12848K, reserved 1048576K
}
Event: 4088.821 GC heap before
{Heap before GC invocations=72 (full 3):
 PSYoungGen      total 238080K, used 221843K [0x00000000f0000000, 0x0000000100000000, 0x0000000100000000)
  eden space 212992K, 100% used [0x00000000f0000000,0x00000000fd000000,0x00000000fd000000)
  from space 25088K, 35% used [0x00000000fe780000,0x00000000ff024cb0,0x0000000100000000)
  to   space 24064K, 0% used [0x00000000fd000000,0x00000000fd000000,0x00000000fe780000)
 ParOldGen       total 524288K, used 129609K [0x00000000d0000000, 0x00000000f0000000, 0x00000000f0000000)
  object space 524288K, 24% used [0x00000000d0000000,0x00000000d7e925f8,0x00000000f0000000)
 Metaspace       used 83899K, capacity 89510K, committed 89640K, reserved 1126400K
  class space    used 11122K, capacity 12804K, committed 12848K, reserved 1048576K
Event: 4088.826 GC heap after
Heap after GC invocations=72 (full 3):
 PSYoungGen      total 237056K, used 8782K [0x00000000f0000000, 0x0000000100000000, 0x0000000100000000)
  eden space 212992K, 0% used [0x00000000f0000000,0x00000000f0000000,0x00000000fd000000)
  from space 24064K, 36% used [0x00000000fd000000,0x00000000fd893940,0x00000000fe780000)
  to   space 23552K, 0% used [0x00000000fe900000,0x00000000fe900000,0x0000000100000000)
 ParOldGen       total 524288K, used 129673K [0x00000000d0000000, 0x00000000f0000000, 0x00000000f0000000)
  object space 524288K, 24% used [0x00000000d0000000,0x00000000d7ea25f8,0x00000000f0000000)
 Metaspace       used 83899K, capacity 89510K, committed 89640K, reserved 1126400K
  class space    used 11122K, capacity 12804K, committed 12848K, reserved 1048576K
}
Event: 4142.734 GC heap before
{Heap before GC invocations=73 (full 3):
 PSYoungGen      total 237056K, used 221774K [0x00000000f0000000, 0x0000000100000000, 0x0000000100000000)
  eden space 212992K, 100% used [0x00000000f0000000,0x00000000fd000000,0x00000000fd000000)
  from space 24064K, 36% used [0x00000000fd000000,0x00000000fd893940,0x00000000fe780000)
  to   space 23552K, 0% used [0x00000000fe900000,0x00000000fe900000,0x0000000100000000)
 ParOldGen       total 524288K, used 129673K [0x00000000d0000000, 0x00000000f0000000, 0x00000000f0000000)
  object space 524288K, 24% used [0x00000000d0000000,0x00000000d7ea25f8,0x00000000f0000000)
 Metaspace       used 84293K, capacity 89894K, committed 90152K, reserved 1126400K
  class space    used 11136K, capacity 12804K, committed 12848K, reserved 1048576K
Event: 4142.743 GC heap after
Heap after GC invocations=73 (full 3):
 PSYoungGen      total 239616K, used 8772K [0x00000000f0000000, 0x0000000100000000, 0x0000000100000000)
  eden space 216064K, 0% used [0x00000000f0000000,0x00000000f0000000,0x00000000fd300000)
  from space 23552K, 37% used [0x00000000fe900000,0x00000000ff191088,0x0000000100000000)
  to   space 22528K, 0% used [0x00000000fd300000,0x00000000fd300000,0x00000000fe900000)
 ParOldGen       total 524288K, used 129737K [0x00000000d0000000, 0x00000000f0000000, 0x00000000f0000000)
  object space 524288K, 24% used [0x00000000d0000000,0x00000000d7eb25f8,0x00000000f0000000)
 Metaspace       used 84293K, capacity 89894K, committed 90152K, reserved 1126400K
  class space    used 11136K, capacity 12804K, committed 12848K, reserved 1048576K
}
Event: 4206.918 GC heap before
{Heap before GC invocations=74 (full 3):
 PSYoungGen      total 239616K, used 224836K [0x00000000f0000000, 0x0000000100000000, 0x0000000100000000)
  eden space 216064K, 100% used [0x00000000f0000000,0x00000000fd300000,0x00000000fd300000)
  from space 23552K, 37% used [0x00000000fe900000,0x00000000ff191088,0x0000000100000000)
  to   space 22528K, 0% used [0x00000000fd300000,0x00000000fd300000,0x00000000fe900000)
 ParOldGen       total 524288K, used 129737K [0x00000000d0000000, 0x00000000f0000000, 0x00000000f0000000)
  object space 524288K, 24% used [0x00000000d0000000,0x00000000d7eb25f8,0x00000000f0000000)
 Metaspace       used 84523K, capacity 90086K, committed 90408K, reserved 1126400K
  class space    used 11148K, capacity 12804K, committed 12848K, reserved 1048576K
Event: 4206.922 GC heap after
Heap after GC invocations=74 (full 3):
 PSYoungGen      total 238592K, used 8932K [0x00000000f0000000, 0x0000000100000000, 0x0000000100000000)
  eden space 216064K, 0% used [0x00000000f0000000,0x00000000f0000000,0x00000000fd300000)
  from space 22528K, 39% used [0x00000000fd300000,0x00000000fdbb90b8,0x00000000fe900000)
  to   space 21504K, 0% used [0x00000000feb00000,0x00000000feb00000,0x0000000100000000)
 ParOldGen       total 524288K, used 129825K [0x00000000d0000000, 0x00000000f0000000, 0x00000000f0000000)
  object space 524288K, 24% used [0x00000000d0000000,0x00000000d7ec85f8,0x00000000f0000000)
 Metaspace       used 84523K, capacity 90086K, committed 90408K, reserved 1126400K
  class space    used 11148K, capacity 12804K, committed 12848K, reserved 1048576K
}

Deoptimization events (0 events):
No events

Classes redefined (0 events):
No events

Internal exceptions (10 events):
Event: 4207.182 Thread 0x000002240fd39000 Exception <a 'java/lang/ClassNotFoundException': org/grails/datastore/gorm/transform/OrderedGormTransformation$TransformationInvocationCustomizer> (0x00000000f4a26778) thrown at [C:\jenkins\workspace\8-2-build-windows-x64-cygwin-sans-NAS\jdk8u381\237\hots
Event: 4207.242 Thread 0x000002240fd39000 Exception <a 'java/lang/ClassNotFoundException': groovy/runtime/metaclass/[Lorg/codehaus/groovy/ast/Parameter;MetaClass> (0x00000000f5748ac0) thrown at [C:\jenkins\workspace\8-2-build-windows-x64-cygwin-sans-NAS\jdk8u381\237\hotspot\src\share\vm\prims\jni
Event: 4207.243 Thread 0x000002240fd39000 Exception <a 'java/lang/ClassNotFoundException': [Lorg/codehaus/groovy/ast/Parameter;BeanInfo> (0x00000000f574f9a8) thrown at [C:\jenkins\workspace\8-2-build-windows-x64-cygwin-sans-NAS\jdk8u381\237\hotspot\src\share\vm\prims\jni.cpp, line 737]
Event: 4207.243 Thread 0x000002240fd39000 Exception <a 'java/lang/ClassNotFoundException': [Lorg/codehaus/groovy/ast/Parameter;BeanInfo> (0x00000000f574fe20) thrown at [C:\jenkins\workspace\8-2-build-windows-x64-cygwin-sans-NAS\jdk8u381\237\hotspot\src\share\vm\prims\jni.cpp, line 737]
Event: 4207.243 Thread 0x000002240fd39000 Exception <a 'java/lang/ClassNotFoundException': [Lorg/codehaus/groovy/ast/Parameter;BeanInfo> (0x00000000f5750298) thrown at [C:\jenkins\workspace\8-2-build-windows-x64-cygwin-sans-NAS\jdk8u381\237\hotspot\src\share\vm\prims\jni.cpp, line 737]
Event: 4207.243 Thread 0x000002240fd39000 Exception <a 'java/lang/ClassNotFoundException': [Lorg/codehaus/groovy/ast/Parameter;Customizer> (0x00000000f57509b8) thrown at [C:\jenkins\workspace\8-2-build-windows-x64-cygwin-sans-NAS\jdk8u381\237\hotspot\src\share\vm\prims\jni.cpp, line 737]
Event: 4207.243 Thread 0x000002240fd39000 Exception <a 'java/lang/ClassNotFoundException': [Lorg/codehaus/groovy/ast/Parameter;Customizer> (0x00000000f5750e38) thrown at [C:\jenkins\workspace\8-2-build-windows-x64-cygwin-sans-NAS\jdk8u381\237\hotspot\src\share\vm\prims\jni.cpp, line 737]
Event: 4207.243 Thread 0x000002240fd39000 Exception <a 'java/lang/ClassNotFoundException': [Lorg/codehaus/groovy/ast/Parameter;Customizer> (0x00000000f57512b8) thrown at [C:\jenkins\workspace\8-2-build-windows-x64-cygwin-sans-NAS\jdk8u381\237\hotspot\src\share\vm\prims\jni.cpp, line 737]
Event: 4207.299 Thread 0x000002240fd39000 Exception <a 'java/lang/ClassNotFoundException': java/lang/reflect/ModifierBeanInfo> (0x00000000f5df3810) thrown at [C:\jenkins\workspace\8-2-build-windows-x64-cygwin-sans-NAS\jdk8u381\237\hotspot\src\share\vm\classfile\systemDictionary.cpp, line 213]
Event: 4207.299 Thread 0x000002240fd39000 Exception <a 'java/lang/ClassNotFoundException': java/lang/reflect/ModifierCustomizer> (0x00000000f5e02bc0) thrown at [C:\jenkins\workspace\8-2-build-windows-x64-cygwin-sans-NAS\jdk8u381\237\hotspot\src\share\vm\classfile\systemDictionary.cpp, line 213]

Events (10 events):
Event: 4207.299 loading class java/lang/reflect/ModifierCustomizer
Event: 4207.299 loading class java/lang/reflect/ModifierCustomizer done
Event: 4207.300 loading class org/codehaus/groovy/runtime/typehandling/DefaultTypeTransformation
Event: 4207.300 loading class org/codehaus/groovy/runtime/typehandling/DefaultTypeTransformation done
Event: 4208.303 loading class com/mbds/parcours/POIService$__clinit__closure1
Event: 4208.303 loading class com/mbds/parcours/POIService$__clinit__closure1 done
Event: 4208.306 loading class com/mbds/parcours/POIService$1
Event: 4208.306 loading class com/mbds/parcours/POIService$1 done
Event: 4208.309 loading class groovy/runtime/metaclass/com/mbds/parcours/POIService$__clinit__closure1MetaClass
Event: 4208.309 loading class groovy/runtime/metaclass/com/mbds/parcours/POIService$__clinit__closure1MetaClass done


Dynamic libraries:
0x00007ff7ff3c0000 - 0x00007ff7ff40a000 	C:\Program Files\Java\jdk-1.8\bin\java.exe
0x00007ffcf7490000 - 0x00007ffcf76a4000 	C:\WINDOWS\SYSTEM32\ntdll.dll
0x00007ffcf59f0000 - 0x00007ffcf5ab3000 	C:\WINDOWS\System32\KERNEL32.DLL
0x00007ffcf4ab0000 - 0x00007ffcf4e4c000 	C:\WINDOWS\System32\KERNELBASE.dll
0x00007ffcf5650000 - 0x00007ffcf56fe000 	C:\WINDOWS\System32\ADVAPI32.dll
0x00007ffcf5c40000 - 0x00007ffcf5ce7000 	C:\WINDOWS\System32\msvcrt.dll
0x00007ffcf5830000 - 0x00007ffcf58d4000 	C:\WINDOWS\System32\sechost.dll
0x00007ffcf6720000 - 0x00007ffcf6835000 	C:\WINDOWS\System32\RPCRT4.dll
0x00007ffcf54a0000 - 0x00007ffcf564d000 	C:\WINDOWS\System32\USER32.dll
0x00007ffcf4940000 - 0x00007ffcf4966000 	C:\WINDOWS\System32\win32u.dll
0x00007ffcf5800000 - 0x00007ffcf5829000 	C:\WINDOWS\System32\GDI32.dll
0x00007ffcf5010000 - 0x00007ffcf5123000 	C:\WINDOWS\System32\gdi32full.dll
0x00007ffcf4e50000 - 0x00007ffcf4eea000 	C:\WINDOWS\System32\msvcp_win.dll
0x00007ffcf4ef0000 - 0x00007ffcf5001000 	C:\WINDOWS\System32\ucrtbase.dll
0x00007ffcdede0000 - 0x00007ffcdf06e000 	C:\WINDOWS\WinSxS\amd64_microsoft.windows.common-controls_6595b64144ccf1df_6.0.22621.608_none_a9444ca7c10bb01d\COMCTL32.dll
0x00007ffcf7410000 - 0x00007ffcf7441000 	C:\WINDOWS\System32\IMM32.DLL
0x00007ffcbce80000 - 0x00007ffcbce9b000 	C:\Program Files\Java\jdk-1.8\jre\bin\vcruntime140.dll
0x00007ffcecc50000 - 0x00007ffcecc5c000 	C:\Program Files\Java\jdk-1.8\jre\bin\vcruntime140_1.dll
0x00007ffc920a0000 - 0x00007ffc9212e000 	C:\Program Files\Java\jdk-1.8\jre\bin\msvcp140.dll
0x00007ffc57f00000 - 0x00007ffc587b0000 	C:\Program Files\Java\jdk-1.8\jre\bin\server\jvm.dll
0x00007ffcf5ae0000 - 0x00007ffcf5ae8000 	C:\WINDOWS\System32\PSAPI.DLL
0x00007ffcecb30000 - 0x00007ffcecb64000 	C:\WINDOWS\SYSTEM32\WINMM.dll
0x00007ffce3840000 - 0x00007ffce384a000 	C:\WINDOWS\SYSTEM32\VERSION.dll
0x00007ffccec10000 - 0x00007ffccec19000 	C:\WINDOWS\SYSTEM32\WSOCK32.dll
0x00007ffcf5700000 - 0x00007ffcf5771000 	C:\WINDOWS\System32\WS2_32.dll
0x00007ffcf39d0000 - 0x00007ffcf39e8000 	C:\WINDOWS\SYSTEM32\kernel.appcore.dll
0x00007ffcecc80000 - 0x00007ffcecc90000 	C:\Program Files\Java\jdk-1.8\jre\bin\verify.dll
0x00007ffcb5f00000 - 0x00007ffcb5f2b000 	C:\Program Files\Java\jdk-1.8\jre\bin\java.dll
0x00007ffcab550000 - 0x00007ffcab584000 	C:\Program Files\Java\jdk-1.8\jre\bin\instrument.dll
0x00007ffcecc60000 - 0x00007ffcecc78000 	C:\Program Files\Java\jdk-1.8\jre\bin\zip.dll
0x00007ffcf6c20000 - 0x00007ffcf7410000 	C:\WINDOWS\System32\SHELL32.dll
0x00007ffcf28a0000 - 0x00007ffcf316e000 	C:\WINDOWS\SYSTEM32\windows.storage.dll
0x00007ffcf6310000 - 0x00007ffcf6699000 	C:\WINDOWS\System32\combase.dll
0x00007ffcf2760000 - 0x00007ffcf289e000 	C:\WINDOWS\SYSTEM32\wintypes.dll
0x00007ffcf5b40000 - 0x00007ffcf5c31000 	C:\WINDOWS\System32\SHCORE.dll
0x00007ffcf66a0000 - 0x00007ffcf66fe000 	C:\WINDOWS\System32\shlwapi.dll
0x00007ffcf4800000 - 0x00007ffcf4821000 	C:\WINDOWS\SYSTEM32\profapi.dll
0x00007ffcbd110000 - 0x00007ffcbd12c000 	C:\Program Files\Java\jdk-1.8\jre\bin\net.dll
0x00007ffcf3e30000 - 0x00007ffcf3e99000 	C:\WINDOWS\system32\mswsock.dll
0x00007ffcceaf0000 - 0x00007ffcceb07000 	C:\WINDOWS\system32\napinsp.dll
0x00007ffcce7d0000 - 0x00007ffcce7eb000 	C:\WINDOWS\system32\pnrpnsp.dll
0x00007ffcf34a0000 - 0x00007ffcf3593000 	C:\WINDOWS\SYSTEM32\DNSAPI.dll
0x00007ffcf3430000 - 0x00007ffcf345d000 	C:\WINDOWS\SYSTEM32\IPHLPAPI.DLL
0x00007ffcf52b0000 - 0x00007ffcf52b9000 	C:\WINDOWS\System32\NSI.dll
0x00007ffce38d0000 - 0x00007ffce38e1000 	C:\WINDOWS\System32\winrnr.dll
0x00007ffcdd6b0000 - 0x00007ffcdd6c5000 	C:\WINDOWS\system32\wshbth.dll
0x00007ffcdd680000 - 0x00007ffcdd6a1000 	C:\WINDOWS\system32\nlansp_c.dll
0x00007ffce77e0000 - 0x00007ffce77ea000 	C:\Windows\System32\rasadhlp.dll
0x00007ffceb570000 - 0x00007ffceb5f3000 	C:\WINDOWS\System32\fwpuclnt.dll
0x00007ffcc65e0000 - 0x00007ffcc65ed000 	C:\Program Files\Java\jdk-1.8\jre\bin\management.dll
0x00007ffcbce00000 - 0x00007ffcbce13000 	C:\Program Files\Java\jdk-1.8\jre\bin\nio.dll
0x00007ffcf4150000 - 0x00007ffcf416b000 	C:\WINDOWS\SYSTEM32\CRYPTSP.dll
0x00007ffcf3940000 - 0x00007ffcf3975000 	C:\WINDOWS\system32\rsaenh.dll
0x00007ffcf3ed0000 - 0x00007ffcf3ef8000 	C:\WINDOWS\SYSTEM32\USERENV.dll
0x00007ffcf42a0000 - 0x00007ffcf42c8000 	C:\WINDOWS\SYSTEM32\bcrypt.dll
0x00007ffcf4970000 - 0x00007ffcf49eb000 	C:\WINDOWS\System32\bcryptprimitives.dll
0x00007ffcf4130000 - 0x00007ffcf413c000 	C:\WINDOWS\SYSTEM32\CRYPTBASE.dll
0x00007ffcecb80000 - 0x00007ffcecb99000 	C:\WINDOWS\SYSTEM32\dhcpcsvc6.DLL
0x00007ffcec9d0000 - 0x00007ffcec9ef000 	C:\WINDOWS\SYSTEM32\dhcpcsvc.DLL
0x00007ffcf2290000 - 0x00007ffcf24be000 	C:\WINDOWS\SYSTEM32\dbghelp.dll
0x00007ffcf5350000 - 0x00007ffcf5427000 	C:\WINDOWS\System32\OLEAUT32.dll

VM Arguments:
jvm_args: -Dendpoints.shutdown.enabled=true -Denv=development -Dfull.stacktrace=false -Dgrails.env=development -Dgrails.full.stacktrace=false -Dinfo.app.grailsVersion=3.3.8 -Dinfo.app.name=mbds_emsi_23_24 -Dinfo.app.version=0.1 -Djdk.reflect.allowGetCallerClass=true -Drun.active=true -Dspring.output.ansi.enabled=always -Dspring.profiles.active -Dspringloaded=inclusions=grails.plugins..*;synchronize=true;allowSplitPackages=true;cacheDir=C:\Users\lenovo\Desktop\grails_emsi_mbds_23_24\build\springloaded -Dverbose=false -XX:+TieredCompilation -XX:TieredStopAtLevel=1 -XX:CICompilerCount=3 -javaagent:C:\Users\lenovo\.gradle\caches\modules-2\files-2.1\org.springframework\springloaded\1.2.8.RELEASE\b60bac05b0451cdc1863bfec617f39aa0dcaaa43\springloaded-1.2.8.RELEASE.jar -Xverify:none -Xms768m -Xmx768m -Dfile.encoding=UTF-8 -Duser.country=US -Duser.language=en -Duser.variant 
java_command: mbds_emsi_23_24.Application
java_class_path (initial): C:\Users\lenovo\Desktop\grails_emsi_mbds_23_24\src\main\resources;C:\Users\lenovo\Desktop\grails_emsi_mbds_23_24\grails-app\views;C:\Users\lenovo\Desktop\grails_emsi_mbds_23_24\grails-app\i18n;C:\Users\lenovo\Desktop\grails_emsi_mbds_23_24\grails-app\conf;C:\Users\lenovo\Desktop\grails_emsi_mbds_23_24\build\classes\main;C:\Users\lenovo\Desktop\grails_emsi_mbds_23_24\build\resources\main;C:\Users\lenovo\Desktop\grails_emsi_mbds_23_24\gsp-classes;C:\Users\lenovo\.gradle\caches\modules-2\files-2.1\org.springframework.boot\spring-boot-starter-logging\1.5.15.RELEASE\3a0d1b63705bb75ac54884c6c169b1e1908f1375\spring-boot-starter-logging-1.5.15.RELEASE.jar;C:\Users\lenovo\.gradle\caches\modules-2\files-2.1\org.springframework.boot\spring-boot-autoconfigure\1.5.15.RELEASE\9cb093e335fc58e61581edcb959813b62731ef8e\spring-boot-autoconfigure-1.5.15.RELEASE.jar;C:\Users\lenovo\.gradle\caches\modules-2\files-2.1\org.grails\grails-core\3.3.8\d535a1f07ed1a1ce388bc18c8b63a3f3abd1aeee\grails-core-3.3.8.jar;C:\Users\lenovo\.gradle\caches\modules-2\files-2.1\org.springframework.boot\spring-boot-starter-actuator\1.5.15.RELEASE\2f2e793c6c4592d99e58cf0668d1fcf2a84247f2\spring-boot-starter-actuator-1.5.15.RELEASE.jar;C:\Users\lenovo\.gradle\caches\modules-2\files-2.1\org.springframework.boot\spring-boot-starter-tomcat\1.5.15.RELEASE\4e1bf3cd8480137b32c61d6f0fb54a4b81406a80\spring-boot-starter-tomcat-1.5.15.RELEASE.jar;C:\Users\lenovo\.gradle\caches\modules-2\files-2.1\org.grails\grails-web-boot\3.3.8\173becb00d5a1d7cb1f1a44533d9ca8efd9843a\grails-web-boot-3.3.8.jar;C:\Users\lenovo\.gradle\caches\modules-2\files-2.1\org.grails\grails-logging\3.3.8\2c8647c42d85b7708d239ba3b2c2b422514f4fe9\grails-logging-3.3.8.jar;C:\Users\lenovo\.gradle\caches\modules-2\files-2.1\org.grails\grails-plugin-rest\3.3.8\8c6bc7985e3941e60336443e9f833b29ec573451\grails-plugin-rest-3.3.8.jar;C:\Users\lenovo\.gradle\caches\modules-2\files-2.1\org.grails\grails-plugin-databinding\3.3.8\5dfc9
Launcher Type: SUN_STANDARD

Environment Variables:
JAVA_HOME=C:\Program Files\Java\jdk-1.8
PATH=C:\Program Files (x86)\VMware\VMware Workstation\bin\;G:\app\lenovo\product\11.2.0\dbhome_1\bin;C:\WINDOWS\system32;C:\WINDOWS;C:\WINDOWS\System32\Wbem;C:\WINDOWS\System32\WindowsPowerShell\v1.0\;C:\WINDOWS\System32\OpenSSH\;%QUARTUS_ROOTDIR%\bin;C:\Program Files\Intel\WiFi\bin\;C:\Program Files\Common Files\Intel\WirelessCommon\;C:\Program Files (x86)\dotnet\;C:\Program Files\Microsoft SQL Server\Client SDK\ODBC\170\Tools\Binn\;C:\Program Files (x86)\Microsoft SQL Server\150\Tools\Binn\;C:\Program Files\Microsoft SQL Server\150\Tools\Binn\;C:\Program Files\Microsoft SQL Server\150\DTS\Binn\;C:\Program Files (x86)\Microsoft SQL Server\150\DTS\Binn\;C:\Program Files\Azure Data Studio\bin;C:\Program Files\Microsoft SQL Server\130\Tools\Binn\;C:\Program Files\Git\cmd;C:\Program Files\nodejs\;C:\Program Files\Git LFS;C:\Users\lenovo\Downloads\pig-0.17.0-src\bin;G:\flutter\bin;C:\Kafka\bin;G:\less\bin;C:\Program Files\Java\jdk-1.8\bin;C:\Program Files\Java\jdk-1.8;C:\Program Files\Docker\Docker\resources\bin;G:\maven\bin;G:\make\bin;G:\grails-3.3.8\bin;C:\Users\lenovo\AppData\Local\Programs\Python\Python310\Scripts\;C:\Users\lenovo\AppData\Local\Programs\Python\Python310\;C:\Users\lenovo\AppData\Local\Microsoft\WindowsApps;C:\Users\lenovo\AppData\Local\Programs\Microsoft VS Code\bin;C:\Program Files\Azure Data Studio\bin;C:\Program Files\heroku\bin;C:\laragon\bin\php\php-7.4.19-Win32-vc15-x64;C:\Users\lenovo\AppData\Local\ComposerSetup\bin;C:\Users\lenovo\AppData\Roaming\Composer\vendor\bin;C:\ProgramData\Microsoft\Windows\Start Menu\Programs\Node.js;C:\Users\lenovo\AppData\Roaming\npm;C:\Users\lenovo\AppData\Local\GitHubDesktop\bin;C:\Kafka\bin;C:\Program Files\Docker\Docker\resources\bin;G:\maven\bin;
USERNAME=lenovo
OS=Windows_NT
PROCESSOR_IDENTIFIER=Intel64 Family 6 Model 142 Stepping 10, GenuineIntel



---------------  S Y S T E M  ---------------

OS: Windows 11 , 64 bit Build 22621 (10.0.22621.1344)

CPU:total 8 (initial active 8) (4 cores per cpu, 2 threads per core) family 6 model 142 stepping 10, cmov, cx8, fxsr, mmx, sse, sse2, sse3, ssse3, sse4.1, sse4.2, popcnt, avx, avx2, aes, clmul, erms, rtm, 3dnowpref, lzcnt, ht, tsc, tscinvbit, bmi1, bmi2, adx

Memory: 4k page, physical 16612328k(4848844k free), swap 25525224k(7314840k free)

vm_info: Java HotSpot(TM) 64-Bit Server VM (25.381-b09) for windows-amd64 JRE (1.8.0_381-b09), built on Jun 14 2023 13:50:38 by "java_re" with MS VC++ 17.1 (VS2022)

time: Wed Nov  1 22:08:21 2023
timezone: Morocco Standard Time
elapsed time: 4208.368782 seconds (0d 1h 10m 8s)

